<?xml version="1.0" encoding="UTF-8"?>
<coverage generated="1580297228851" clover="3.2.0">
  <project timestamp="1580297228851" name="All files">
    <metrics statements="9" coveredstatements="9" conditionals="2" coveredconditionals="1" methods="8" coveredmethods="8" elements="19" coveredelements="18" complexity="0" loc="9" ncloc="9" packages="1" files="1" classes="1"/>
    <file name="main.js" path="/home/linaebeid/proVision-BookStore/js/main.js">
      <metrics statements="9" coveredstatements="9" conditionals="2" coveredconditionals="1" methods="8" coveredmethods="8"/>
      <line num="5" count="1" type="stmt"/>
      <line num="11" count="3" type="stmt"/>
      <line num="12" count="3" type="stmt"/>
      <line num="21" count="3" type="stmt"/>
      <line num="25" count="3" type="stmt"/>
      <line num="30" count="3" type="stmt"/>
      <line num="34" count="3" type="stmt"/>
      <line num="39" count="1" type="cond" truecount="1" falsecount="1"/>
      <line num="40" count="1" type="stmt"/>
    </file>
  </project>
</coverage>
