{"/home/ahmedsafi/Desktop/proVision-BookStore/js/main.js": {"path":"/home/ahmedsafi/Desktop/proVision-BookStore/js/main.js","statementMap":{"0":{"start":{"line":5,"column":2},"end":{"line":5,"column":15}},"1":{"start":{"line":11,"column":11},"end":{"line":11,"column":23}},"2":{"start":{"line":12,"column":12},"end":{"line":19,"column":3}},"3":{"start":{"line":21,"column":2},"end":{"line":21,"column":25}},"4":{"start":{"line":25,"column":0},"end":{"line":30,"column":1}},"5":{"start":{"line":26,"column":2},"end":{"line":29,"column":4}}},"fnMap":{"0":{"name":"testingtest","decl":{"start":{"line":4,"column":9},"end":{"line":4,"column":20}},"loc":{"start":{"line":4,"column":24},"end":{"line":6,"column":1}},"line":4},"1":{"name":"addItem","decl":{"start":{"line":10,"column":9},"end":{"line":10,"column":16}},"loc":{"start":{"line":10,"column":61},"end":{"line":22,"column":1}},"line":10}},"branchMap":{"0":{"loc":{"start":{"line":25,"column":0},"end":{"line":30,"column":1}},"type":"if","locations":[{"start":{"line":25,"column":0},"end":{"line":30,"column":1}},{"start":{"line":25,"column":0},"end":{"line":30,"column":1}}],"line":25}},"s":{"0":1,"1":3,"2":3,"3":3,"4":1,"5":1},"f":{"0":1,"1":3},"b":{"0":[1,0]},"_coverageSchema":"1a1c01bbd47fc00a2c39e90264f33305004495a9","hash":"4e6d716990b06ede814bedab56160537de25f2bd"}
}
